<?xml version="1.0" encoding="UTF-8"?>
<!-- Generated by org.testng.reporters.JUnitReportReporter -->
<testsuite hostname="Vamshi" failures="0" tests="1" name="iastcportaltest.HomeTest" time="31.205" errors="0" timestamp="27 Apr 2024 16:58:50 GMT">
  <testcase classname="iastcportaltest.HomeTest" name="uploadFile" time="31.205"/>
</testsuite> <!-- iastcportaltest.HomeTest -->
