<?xml version="1.0" encoding="UTF-8"?>
<!-- Generated by org.testng.reporters.JUnitReportReporter -->
<testsuite hostname="Vamshi" failures="0" tests="1" name="iastcportaltest.Calculations" time="37.644" errors="0" timestamp="27 Apr 2024 18:26:45 GMT">
  <testcase classname="iastcportaltest.Calculations" name="runCaiculations" time="37.644"/>
</testsuite> <!-- iastcportaltest.Calculations -->
