<?xml version="1.0" encoding="UTF-8"?>
<!-- Generated by org.testng.reporters.JUnitReportReporter -->
<testsuite hostname="Vamshi" failures="0" tests="1" name="iastcportaltest.HomePage" time="0.017" errors="0" timestamp="27 Apr 2024 14:17:08 GMT">
  <testcase classname="iastcportaltest.HomePage" name="uploadfileInGainPage" time="0.017"/>
</testsuite> <!-- iastcportaltest.HomePage -->
