<?xml version="1.0" encoding="UTF-8"?>
<!-- Generated by org.testng.reporters.JUnitReportReporter -->
<testsuite hostname="Vamshi" failures="0" tests="1" name="iastcportaltest.LoginTest" time="24.004" errors="0" timestamp="27 Apr 2024 14:41:23 GMT">
  <testcase classname="iastcportaltest.LoginTest" name="Login" time="24.004"/>
</testsuite> <!-- iastcportaltest.LoginTest -->
